d:\c++\lab6-7 new\debug\vc142.pdb
d:\c++\lab6-7 new\debug\vc142.idb
d:\c++\lab6-7 new\debug\tests.obj
d:\c++\lab6-7 new\debug\cookie.obj
d:\c++\lab6-7 new\debug\app.obj
d:\c++\lab6-7 new\debug\repository.obj
d:\c++\lab6-7 new\debug\controler.obj
d:\c++\lab6-7 new\debug\ui.obj
d:\c++\lab6-7 new\debug\repositoryf.obj
d:\c++\lab6-7 new\debug\lab6-7 new.exe
d:\c++\lab6-7 new\debug\lab6-7 new.ilk
d:\c++\lab6-7 new\debug\lab6-7 new.pdb
d:\c++\lab6-7 new\debug\cookie.obj.enc
d:\c++\lab6-7 new\debug\tests.new.obj.enc
d:\c++\lab6-7 new\debug\lab6-7 new.tlog\cl.command.1.tlog
d:\c++\lab6-7 new\debug\lab6-7 new.tlog\cl.read.1.tlog
d:\c++\lab6-7 new\debug\lab6-7 new.tlog\cl.write.1.tlog
d:\c++\lab6-7 new\debug\lab6-7 new.tlog\link.command.1.tlog
d:\c++\lab6-7 new\debug\lab6-7 new.tlog\link.read.1.tlog
d:\c++\lab6-7 new\debug\lab6-7 new.tlog\link.write.1.tlog
